2018-01-29 13:56:30 INFO  Main:60 - user has quit the program.
2018-01-29 13:59:41 INFO  Main:59 - new account is being created.
2018-01-29 13:59:53 INFO  Main:282 - administrator signin
2018-01-29 14:00:23 INFO  Main:62 - user has quit the program.
2018-01-29 14:03:54 INFO  Main:59 - new account is being created.
2018-01-29 14:04:06 INFO  Main:282 - administrator signin
2018-01-29 14:04:33 INFO  Main:62 - user has quit the program.
2018-01-29 14:11:24 INFO  Main:47 - user has signed in
2018-01-29 14:11:33 INFO  Main:59 - new account is being created.
2018-01-29 14:11:56 INFO  Main:62 - user has quit the program.
2018-01-29 14:12:04 INFO  Main:59 - new account is being created.
2018-01-29 14:51:19 INFO  Main:59 - new account is being created.
2018-01-29 14:51:28 INFO  Main:59 - new account is being created.
2018-01-29 14:51:40 INFO  Main:284 - administrator signin
2018-01-29 14:52:55 INFO  Main:62 - user has quit the program.
2018-01-29 14:53:12 INFO  Main:59 - new account is being created.
2018-01-29 14:53:30 INFO  Main:59 - new account is being created.
2018-01-29 14:53:41 INFO  Main:284 - administrator signin
2018-01-29 14:59:48 INFO  Main:59 - new account is being created.
2018-01-29 14:59:58 INFO  Main:284 - administrator signin
2018-01-29 15:01:41 INFO  Main:59 - new account is being created.
2018-01-29 15:01:48 INFO  Main:284 - administrator signin
2018-01-29 15:02:34 INFO  Main:62 - user has quit the program.
2018-01-29 15:02:43 INFO  Main:59 - new account is being created.
2018-01-29 15:02:52 INFO  Main:284 - administrator signin
2018-01-29 15:03:26 INFO  Main:59 - new account is being created.
2018-01-29 15:04:01 INFO  Main:47 - user has signed in
2018-01-29 15:04:08 INFO  Main:59 - new account is being created.
2018-01-29 15:04:23 INFO  Main:59 - new account is being created.
2018-01-29 15:04:30 INFO  Main:284 - administrator signin
2018-01-29 15:04:43 INFO  Main:59 - new account is being created.
2018-01-29 15:13:13 INFO  Main:47 - user has signed in
2018-01-29 15:13:21 INFO  Main:53 - New account created.
2018-01-29 15:13:21 INFO  Main:164 - Bank database has been updated.
