2018-01-29 14:58:49 INFO  BankSystem:24 - Account '1234' registered.
2018-01-29 15:01:04 INFO  BankSystem:24 - Account 'jiaqi' registered.
2018-01-29 15:06:12 INFO  BankSystem:24 - Account 'jiaqi' registered.
2018-01-29 15:19:51 INFO  BankSystem:24 - Account 'jiaqi' registered.
2018-01-29 15:23:00 INFO  BankSystem:24 - Account 'jiaqi' registered.
2018-01-29 15:31:22 INFO  BankSystem:24 - Account 'jiaqi' is Approved.
2018-01-29 15:31:57 INFO  BankSystem:24 - $200.0 is withdrew from account 'jiaqi'. Your balance now is $1800.0
2018-02-05 17:31:03 ERROR root:33 - Missing property file.
2018-02-05 18:33:34 INFO  root:25 - Account 'jiaqi' registered.
2018-02-05 18:36:39 INFO  root:25 - Account 'jiaqi' registered.
2018-02-05 18:37:43 INFO  root:25 - 1 RECORD(S) INSERTED!
2018-02-05 18:37:43 INFO  root:25 - Account 'jiaqi' registered.
2018-02-05 18:42:01 INFO  root:25 - 1 RECORD(S) INSERTED!
2018-02-05 18:42:01 INFO  root:25 - Account 'bob' registered.
2018-02-05 19:14:05 INFO  root:25 - 1 RECORD(S) INSERTED!
2018-02-05 19:14:05 INFO  root:25 - Account 'jiaqi' registered.
2018-02-05 19:14:18 INFO  root:25 - 1 RECORD(S) INSERTED!
2018-02-05 19:14:18 INFO  root:25 - Account 'bob' registered.
2018-02-05 19:14:33 INFO  root:25 - 1 RECORD(S) INSERTED!
2018-02-05 19:14:33 INFO  root:25 - Account 'newuser' registered.
2018-02-05 19:50:00 INFO  root:25 - 1 RECORD(S) INSERTED!
2018-02-05 19:50:00 INFO  root:25 - Account 'anotheruser' registered.
2018-02-05 20:17:13 INFO  root:25 - 1RECORD(S) UPDATED.
2018-02-05 20:17:13 INFO  root:25 - Account 'bob' is Approved.
2018-02-05 20:33:42 INFO  root:25 - 1RECORD(S) UPDATED.
2018-02-05 20:33:42 INFO  root:25 - Account 'newuser' is Approved.
2018-02-05 20:34:44 INFO  root:25 - 1 RECORD(S) INSERTED!
2018-02-05 20:34:44 INFO  root:25 - Account 'Alan' registered.
2018-02-05 20:58:05 INFO  root:25 - $500.0 is deposited into account 'bob'. Your balance now is $0.0
2018-02-05 21:07:15 INFO  root:25 - $1000.0 is deposited into account 'newuser'. Your balance now is $0.0
2018-02-05 21:10:37 INFO  root:25 - 1RECORD(S) UPDATED.
2018-02-05 21:10:37 INFO  root:25 - $1000.0 is deposited into account 'newuser'. Your balance now is $0.0
2018-02-05 21:13:15 INFO  root:25 - 1RECORD(S) UPDATED.
2018-02-05 21:13:15 INFO  root:25 - $50.0 is deposited into account 'newuser
2018-02-05 21:15:41 INFO  root:25 - 1RECORD(S) UPDATED.
2018-02-05 21:15:41 INFO  root:25 - $400.0 is withdrew from account 'newuser
2018-02-05 21:19:47 INFO  root:25 - 1 RECORD(S) INSERTED!
2018-02-05 21:19:47 INFO  root:25 - Account 'david' registered.
2018-02-05 21:41:57 INFO  root:25 - 1RECORD(S) UPDATED.
2018-02-05 21:41:57 INFO  root:25 - $40.0 is withdrew from account 'bob'.
2018-02-05 21:42:10 INFO  root:25 - 1RECORD(S) UPDATED.
2018-02-05 21:42:10 INFO  root:25 - $300.0 is deposited into account 'bob'.
2018-02-05 21:45:32 INFO  root:25 - 1RECORD(S) UPDATED.
2018-02-05 21:45:32 INFO  root:25 - $50.0 is withdrew from account 'bob'.
2018-02-05 21:45:38 INFO  root:25 - 1RECORD(S) UPDATED.
2018-02-05 21:45:38 INFO  root:25 - $200.0 is deposited into account 'bob'.
2018-02-05 21:49:30 INFO  root:25 - 1 RECORD(S) UPDATED.
2018-02-05 21:49:30 INFO  root:25 - Account 'admin' is Approved.
2018-02-05 21:51:44 INFO  root:25 - 1 RECORD(S) UPDATED.
2018-02-05 21:51:44 INFO  root:25 - Account 'bob' is Approved.
2018-02-05 21:53:29 INFO  root:25 - 1 RECORD(S) UPDATED.
2018-02-05 21:53:29 INFO  root:25 - Account 'anotheruser' is Approved.
2018-02-06 00:29:55 INFO  root:25 - 1 RECORD(S) UPDATED.
2018-02-06 00:30:22 INFO  root:25 - 1 RECORD(S) UPDATED.
2018-02-06 00:34:34 INFO  root:25 - 1 RECORD(S) UPDATED.
2018-02-06 09:24:13 INFO  root:25 - 1 RECORD(S) UPDATED.
2018-02-06 09:29:14 INFO  root:25 - 1 RECORD(S) UPDATED.
2018-02-06 09:29:14 INFO  root:25 - $600.25 is deposited into account 'jiaqi'.
