2018-02-05 13:33:34 INFO  Main:63 - user has quit the program.
2018-02-05 13:33:50 INFO  Main:187 - User has successsfully signed in. 

2018-02-05 13:33:57 INFO  Main:63 - user has quit the program.
2018-02-05 13:52:38 INFO  Main:54 - New account created.
2018-02-05 13:53:05 INFO  Main:284 - administrator signin
2018-02-05 13:53:42 INFO  Main:352 - Account has been activated by admin.
2018-02-05 13:57:18 INFO  Main:284 - administrator signin
2018-02-05 14:00:06 INFO  Main:63 - user has quit the program.
2018-02-05 14:00:34 INFO  Main:284 - administrator signin
2018-02-05 14:02:10 INFO  Main:187 - User has successsfully signed in. 

2018-02-05 14:05:54 INFO  Main:187 - User has successsfully signed in. 

2018-02-05 14:07:58 INFO  Main:63 - user has quit the program.
2018-02-05 14:27:03 INFO  Main:284 - administrator signin
2018-02-05 14:29:15 INFO  Main:63 - user has quit the program.
2018-02-05 14:31:34 INFO  Main:284 - administrator signin
2018-02-05 14:40:39 INFO  Main:54 - New account created.
2018-02-05 14:41:14 INFO  Main:298 - administrator signin
2018-02-05 14:41:33 INFO  Main:386 - Account has been activated by admin.
2018-02-05 14:41:59 INFO  Main:187 - User has successsfully signed in. 

2018-02-05 14:42:30 INFO  Main:63 - user has quit the program.
2018-02-05 19:40:55 INFO  Main:298 - administrator signin
2018-02-05 19:45:00 INFO  Main:298 - administrator signin
2018-02-05 19:45:18 INFO  Main:63 - user has quit the program.
2018-02-05 19:47:06 INFO  Main:298 - administrator signin
2018-02-05 19:53:50 INFO  Main:298 - administrator signin
2018-02-05 20:00:18 INFO  Main:298 - administrator signin
2018-02-05 20:03:12 INFO  Main:63 - user has quit the program.
2018-02-05 20:03:37 INFO  Main:298 - administrator signin
2018-02-05 20:04:38 INFO  Main:63 - user has quit the program.
2018-02-05 20:04:50 INFO  Main:298 - administrator signin
2018-02-05 20:10:16 INFO  Main:298 - administrator signin
2018-02-05 20:11:07 INFO  Main:63 - user has quit the program.
2018-02-05 20:11:24 INFO  Main:298 - administrator signin
2018-02-05 20:13:06 INFO  Main:63 - user has quit the program.
2018-02-05 20:15:37 INFO  Main:298 - administrator signin
2018-02-05 20:18:22 INFO  Main:298 - administrator signin
2018-02-05 20:33:44 INFO  Main:298 - administrator signin
2018-02-05 20:39:41 INFO  Main:298 - administrator signin
2018-02-05 20:44:25 INFO  Main:298 - administrator signin
2018-02-05 20:47:33 INFO  Main:63 - user has quit the program.
2018-02-05 20:47:55 INFO  Main:298 - administrator signin
2018-02-05 20:48:35 INFO  Main:63 - user has quit the program.
2018-02-05 20:51:10 INFO  Main:298 - administrator signin
2018-02-05 20:51:58 INFO  Main:298 - administrator signin
2018-02-05 20:52:29 INFO  Main:63 - user has quit the program.
2018-02-05 20:52:48 INFO  Main:298 - administrator signin
2018-02-05 20:53:52 INFO  Main:63 - user has quit the program.
2018-02-05 20:55:41 INFO  Main:298 - administrator signin
2018-02-05 20:57:15 INFO  Main:54 - New account created.
2018-02-05 20:57:49 INFO  Main:63 - user has quit the program.
2018-02-05 20:58:28 INFO  Main:298 - administrator signin
2018-02-05 20:59:28 INFO  Main:388 - Account has been activated by admin.
2018-02-05 20:59:52 INFO  Main:63 - user has quit the program.
2018-02-05 21:00:13 INFO  Main:187 - User has successsfully signed in. 

2018-02-05 21:06:11 INFO  Main:187 - User has successsfully signed in. 

2018-02-05 21:07:31 INFO  Main:187 - User has successsfully signed in. 

2018-02-05 21:09:48 INFO  Main:63 - user has quit the program.
2018-02-05 21:10:09 INFO  Main:187 - User has successsfully signed in. 

2018-02-05 21:13:03 INFO  Main:187 - User has successsfully signed in. 

2018-02-05 21:13:57 INFO  Main:63 - user has quit the program.
2018-02-05 21:14:12 INFO  Main:187 - User has successsfully signed in. 

2018-02-05 21:14:36 INFO  Main:435 - Account has been terminated by user.
2018-02-05 21:15:01 INFO  Main:187 - User has successsfully signed in. 

2018-02-05 21:15:39 INFO  Main:63 - user has quit the program.
2018-02-05 21:16:13 INFO  Main:63 - user has quit the program.
2018-02-05 21:17:36 INFO  Main:296 - administrator signin
2018-02-05 21:18:13 INFO  Main:410 - Account has been terminated by admin.
2018-02-05 21:19:45 INFO  Main:63 - user has quit the program.
2018-02-05 21:20:05 INFO  Main:296 - administrator signin
2018-02-05 21:20:15 INFO  Main:416 - Account has been reopened by admin.
2018-02-05 21:20:43 INFO  Main:187 - User has successsfully signed in. 

2018-02-05 21:20:49 INFO  Main:63 - user has quit the program.
2018-02-05 21:21:05 INFO  Main:187 - User has successsfully signed in. 

2018-02-05 21:21:12 INFO  Main:435 - Account has been terminated by user.
2018-02-05 21:21:41 INFO  Main:296 - administrator signin
2018-02-05 21:23:04 INFO  Main:416 - Account has been reopened by admin.
2018-02-05 21:23:13 INFO  Main:187 - User has successsfully signed in. 

2018-02-05 21:23:36 INFO  Main:435 - Account has been terminated by user.
2018-02-05 21:24:02 INFO  Main:296 - administrator signin
2018-02-05 21:25:31 INFO  Main:392 - Account has been deactivated by admin.
2018-02-05 21:29:20 INFO  Main:296 - administrator signin
2018-02-05 21:30:20 INFO  Main:63 - user has quit the program.
2018-02-05 21:30:33 INFO  Main:296 - administrator signin
2018-02-05 21:32:17 INFO  Main:296 - administrator signin
2018-02-05 21:32:38 INFO  Main:420 - Account has been reopened by admin.
2018-02-05 21:32:44 INFO  Main:63 - user has quit the program.
2018-02-05 21:33:03 INFO  Main:296 - administrator signin
2018-02-05 21:35:45 INFO  Main:63 - user has quit the program.
2018-02-05 21:36:13 INFO  Main:187 - User has successsfully signed in. 

2018-02-05 21:36:22 INFO  Main:439 - Account has been terminated by user.
2018-02-05 21:36:38 INFO  Main:296 - administrator signin
2018-02-05 21:38:51 INFO  Main:420 - Account has been reopened by admin.
2018-02-05 21:38:56 INFO  Main:63 - user has quit the program.
2018-02-05 21:39:06 INFO  Main:187 - User has successsfully signed in. 

2018-02-05 21:39:15 INFO  Main:440 - Account has been terminated by user.
2018-02-05 21:39:35 INFO  Main:296 - administrator signin
2018-02-05 21:40:01 INFO  Main:420 - Account has been reopened by admin.
2018-02-05 21:40:44 INFO  Main:63 - user has quit the program.
